[+] Containers:
 |- [+] Container: /Game/ThirdPerson/Maps/ThirdPersonMap
 |   |- [+] ActorDescs:
 |   |   |- Guid:10394EBD486A046449AC28A990D9FB39 BaseClass: NativeClass:/Script/Landscape.LandscapeStreamingProxy Name:LandscapeStreamingProxy_3494C69LWQBGMTYP25W9NPPF6_126_1_2_0 Label:LandscapeStreamingProxy_1_2_0 SpatiallyLoaded:1 Bounds:IsValid=true, Min=(X=-12600.000 Y=0.000 Z=0.000), Max=(X=0.000 Y=12600.000 Z=200.000) RuntimeGrid:None EditorOnly:0 RuntimeOnly:0 HLODRelevant:1
 |   |   |- Guid:1734607548E0E69A2F1D6698267D4132 BaseClass: NativeClass:/Script/Engine.StaticMeshActor Name:StaticMeshActor_UAID_74563C249D176A0902_1683680681 Label:Cube25 SpatiallyLoaded:1 Bounds:IsValid=true, Min=(X=-7512.355 Y=6949.555 Z=-428.052), Max=(X=-5362.355 Y=6974.555 Z=671.948) RuntimeGrid:None EditorOnly:0 RuntimeOnly:0 HLODRelevant:1
 |   |   |- Guid:2593B78142E955B945AA8987FA2408C1 BaseClass: NativeClass:/Script/Engine.StaticMeshActor Name:StaticMeshActor_UAID_74563C249D17690902_2138098486 Label:Cube8 SpatiallyLoaded:1 Bounds:IsValid=true, Min=(X=-5290.466 Y=3384.059 Z=-428.052), Max=(X=-5265.466 Y=4734.059 Z=671.948) RuntimeGrid:None EditorOnly:0 RuntimeOnly:0 HLODRelevant:1
 |   |   |- Guid:2BCA9C9949E4BA37754E8C921A003A84 BaseClass: NativeClass:/Script/Engine.StaticMeshActor Name:StaticMeshActor_UAID_74563C249D176A0902_1617330679 Label:Cube23 SpatiallyLoaded:1 Bounds:IsValid=true, Min=(X=-8560.910 Y=7411.677 Z=-428.052), Max=(X=-6410.910 Y=7436.677 Z=671.948) RuntimeGrid:None EditorOnly:0 RuntimeOnly:0 HLODRelevant:1
 |   |   |- Guid:2E5EBED94F3A359E7E05AAAB69D02F0E BaseClass: NativeClass:/Script/Engine.StaticMeshActor Name:StaticMeshActor_UAID_74563C249D17690902_1472580479 Label:Cube2 SpatiallyLoaded:1 Bounds:IsValid=true, Min=(X=-9996.712 Y=2271.233 Z=-428.052), Max=(X=-9971.712 Y=10721.233 Z=671.948) RuntimeGrid:None EditorOnly:0 RuntimeOnly:0 HLODRelevant:1
 |   |   |- Guid:2FB58999456391D349DC0F86DAC136ED BaseClass: NativeClass:/Script/Engine.SkyLight Name:SkyLight_1 Label:SkyLight SpatiallyLoaded:0 Bounds:IsValid=true, Min=(X=0.000 Y=0.000 Z=690.000), Max=(X=0.000 Y=0.000 Z=690.000) RuntimeGrid:None EditorOnly:0 RuntimeOnly:0 HLODRelevant:0 FolderPath:Lighting FolderGuid:963EC3EB4002CCE9759E2EBA541A873A
 |   |   |- Guid:30DB5C3244933DEF6A6FE2854184E143 BaseClass: NativeClass:/Script/Engine.StaticMeshActor Name:StaticMeshActor_UAID_74563C249D17690902_2013879482 Label:Cube4 SpatiallyLoaded:1 Bounds:IsValid=true, Min=(X=-3769.500 Y=2271.233 Z=-428.052), Max=(X=-3744.500 Y=10721.233 Z=671.948) RuntimeGrid:None EditorOnly:0 RuntimeOnly:0 HLODRelevant:1
 |   |   |- Guid:316CF2A6494ACA4C0E4180A87D36AB8F BaseClass: NativeClass:/Script/Engine.ExponentialHeightFog Name:ExponentialHeightFog_0 Label:ExponentialHeightFog SpatiallyLoaded:0 Bounds:IsValid=true, Min=(X=-5600.000 Y=-50.000 Z=-6850.000), Max=(X=-5600.000 Y=-50.000 Z=-6850.000) RuntimeGrid:None EditorOnly:0 RuntimeOnly:0 HLODRelevant:0 FolderPath:Lighting FolderGuid:963EC3EB4002CCE9759E2EBA541A873A
 |   |   |- Guid:3B6C9A5F4BFA098E9AAEC8A979886EA9 BaseClass: NativeClass:/Script/Engine.StaticMeshActor Name:StaticMeshActor_UAID_74563C249D176A0902_1493672674 Label:Cube18 SpatiallyLoaded:1 Bounds:IsValid=true, Min=(X=-8483.470 Y=4728.684 Z=-428.052), Max=(X=-8458.470 Y=6078.684 Z=671.948) RuntimeGrid:None EditorOnly:0 RuntimeOnly:0 HLODRelevant:1
 |   |   |- Guid:3DD9CD6F43A3069DEDBF5AB65D1B4B7E BaseClass: NativeClass:/Script/Engine.StaticMeshActor Name:StaticMeshActor_UAID_74563C249D17690902_2077562485 Label:Cube7 SpatiallyLoaded:1 Bounds:IsValid=true, Min=(X=-8483.470 Y=3384.059 Z=-428.052), Max=(X=-8458.470 Y=4734.059 Z=671.948) RuntimeGrid:None EditorOnly:0 RuntimeOnly:0 HLODRelevant:1
 |   |   |- Guid:3F57AB7C470FAF036C1876999BE3FCB1 BaseClass: NativeClass:/Script/Landscape.Landscape Name:Landscape_UAID_74563C249D17130902_1567125343 Label:Landscape SpatiallyLoaded:0 Bounds:IsValid=true, Min=(X=-25200.000 Y=-25200.000 Z=100.000), Max=(X=-25200.000 Y=-25200.000 Z=100.000) RuntimeGrid:None EditorOnly:0 RuntimeOnly:0 HLODRelevant:0
 |   |   |- Guid:43D3EFEE40873737C17FB48BC55BDE8A BaseClass: NativeClass:/Script/Engine.StaticMeshActor Name:StaticMeshActor_UAID_74563C249D176A0902_1578634677 Label:Cube21 SpatiallyLoaded:1 Bounds:IsValid=true, Min=(X=-9991.862 Y=6483.405 Z=-428.052), Max=(X=-7841.862 Y=6508.405 Z=671.948) RuntimeGrid:None EditorOnly:0 RuntimeOnly:0 HLODRelevant:1
 |   |   |- Guid:4CE079434961281983B8EF9AEA27B29A BaseClass: NativeClass:/Script/Engine.StaticMeshActor Name:StaticMeshActor_UAID_74563C249D176A0902_1415351671 Label:Cube16 SpatiallyLoaded:1 Bounds:IsValid=true, Min=(X=-9989.289 Y=4505.575 Z=-428.052), Max=(X=-8964.289 Y=4530.575 Z=671.948) RuntimeGrid:None EditorOnly:0 RuntimeOnly:0 HLODRelevant:1
 |   |   |- Guid:4D3BE93F4146AAAC8BBE79999D96D57F BaseClass: NativeClass:/Script/Engine.VolumetricCloud Name:VolumetricCloud_0 Label:VolumetricCloud SpatiallyLoaded:0 Bounds:IsValid=true, Min=(X=0.000 Y=0.000 Z=820.000), Max=(X=0.000 Y=0.000 Z=820.000) RuntimeGrid:None EditorOnly:0 RuntimeOnly:0 HLODRelevant:0 FolderPath:Lighting FolderGuid:963EC3EB4002CCE9759E2EBA541A873A
 |   |   |- Guid:5BDC565E497D98A1693BC3A252775EE0 BaseClass: NativeClass:/Script/Engine.Actor Name:Actor_UAID_74563C249D17140902_1264791523 Label:Actor SpatiallyLoaded:1 Bounds:IsValid=true, Min=(X=-1448.142 Y=2707.785 Z=1267.838), Max=(X=-1448.142 Y=2707.785 Z=1267.838) RuntimeGrid:None EditorOnly:0 RuntimeOnly:0 HLODRelevant:0
 |   |   |- Guid:62C539CB460A8359DEDA11A1193DDD7C BaseClass: NativeClass:/Script/Engine.StaticMeshActor Name:StaticMeshActor_UAID_74563C249D176A0902_1636575680 Label:Cube24 SpatiallyLoaded:1 Bounds:IsValid=true, Min=(X=-9981.672 Y=7411.677 Z=-428.052), Max=(X=-9031.672 Y=7436.677 Z=671.948) RuntimeGrid:None EditorOnly:0 RuntimeOnly:0 HLODRelevant:1
 |   |   |- Guid:6BAF4DDD444C60371492D3919DB42C97 BaseClass: NativeClass:/Script/Engine.WorldDataLayers Name:WorldDataLayers Label:WorldDataLayers SpatiallyLoaded:0 Bounds:IsValid=true, Min=(X=0.000 Y=0.000 Z=0.000), Max=(X=0.000 Y=0.000 Z=0.000) RuntimeGrid:None EditorOnly:0 RuntimeOnly:0 HLODRelevant:0
 |   |   |- Guid:7EA791D748C1DBA6C59B6AAC69ABE0F3 BaseClass: NativeClass:/Script/Engine.StaticMeshActor Name:StaticMeshActor_UAID_74563C249D176A0902_1532120676 Label:Cube20 SpatiallyLoaded:1 Bounds:IsValid=true, Min=(X=-9996.267 Y=5511.575 Z=-428.052), Max=(X=-9671.267 Y=5536.575 Z=671.948) RuntimeGrid:None EditorOnly:0 RuntimeOnly:0 HLODRelevant:1
 |   |   |- Guid:880223E44E8D62922ACF939E537B3F2F BaseClass: NativeClass:/Script/Engine.StaticMeshActor Name:StaticMeshActor_UAID_74563C249D17690902_1532063480 Label:Cube3 SpatiallyLoaded:1 Bounds:IsValid=true, Min=(X=-9994.000 Y=10696.385 Z=-428.052), Max=(X=-3744.000 Y=10721.385 Z=671.948) RuntimeGrid:None EditorOnly:0 RuntimeOnly:0 HLODRelevant:1
 |   |   |- Guid:8DB9B33C45A080D68650989F3342CE9A BaseClass: NativeClass:/Script/Engine.StaticMeshActor Name:StaticMeshActor_UAID_74563C249D176A0902_1286725668 Label:Cube14 SpatiallyLoaded:1 Bounds:IsValid=true, Min=(X=-7039.954 Y=3385.469 Z=-428.052), Max=(X=-7014.954 Y=3910.469 Z=671.948) RuntimeGrid:None EditorOnly:0 RuntimeOnly:0 HLODRelevant:1
 |   |   |- Guid:98128B8A44AE13387186E0AB590D70E8 BaseClass: NativeClass:/Script/Engine.StaticMeshActor Name:StaticMeshActor_UAID_74563C249D17690902_2028537483 Label:Cube5 SpatiallyLoaded:1 Bounds:IsValid=true, Min=(X=-9994.000 Y=2266.628 Z=-428.052), Max=(X=-3744.000 Y=2291.628 Z=671.948) RuntimeGrid:None EditorOnly:0 RuntimeOnly:0 HLODRelevant:1
 |   |   |- Guid:AFF849204825AE80A9F6AC85F391E271 BaseClass: NativeClass:/Script/NavigationSystem.RecastNavMesh Name:RecastNavMesh_UAID_74563C249D17300902-Default Label:RecastNavMesh-Default SpatiallyLoaded:0 Bounds:IsValid=true, Min=(X=0.000 Y=0.000 Z=0.000), Max=(X=0.000 Y=0.000 Z=0.000) RuntimeGrid:None EditorOnly:0 RuntimeOnly:0 HLODRelevant:0
 |   |   |- Guid:B01E10044AE7D2960C238D92E435E428 BaseClass: NativeClass:/Script/Engine.StaticMeshActor Name:StaticMeshActor_UAID_74563C249D176A0902_1163913664 Label:Cube10 SpatiallyLoaded:1 Bounds:IsValid=true, Min=(X=-7973.673 Y=3376.347 Z=-428.052), Max=(X=-5748.673 Y=3401.347 Z=671.948) RuntimeGrid:None EditorOnly:0 RuntimeOnly:0 HLODRelevant:1
 |   |   |- Guid:B785ED2844B84CFB91E7F39FE661CD99 BaseClass: NativeClass:/Script/Engine.DirectionalLight Name:DirectionalLight_0 Label:DirectionalLight SpatiallyLoaded:0 Bounds:IsValid=true, Min=(X=-1048576.000 Y=-1048576.000 Z=-1048576.000), Max=(X=1048576.000 Y=1048576.000 Z=1048576.000) RuntimeGrid:None EditorOnly:0 RuntimeOnly:0 HLODRelevant:0 FolderPath:Lighting FolderGuid:963EC3EB4002CCE9759E2EBA541A873A
 |   |   |- Guid:B81D790A4268DD92DF0C678236A1D306 BaseClass: NativeClass:/Script/Engine.StaticMeshActor Name:StaticMeshActor_UAID_74563C249D176A0902_1593912678 Label:Cube22 SpatiallyLoaded:1 Bounds:IsValid=true, Min=(X=-7513.908 Y=4724.971 Z=-428.052), Max=(X=-7488.908 Y=6974.971 Z=671.948) RuntimeGrid:None EditorOnly:0 RuntimeOnly:0 HLODRelevant:1
 |   |   |- Guid:CCC3D6E04DD2D3B16C25E3A4E8E0118F BaseClass: NativeClass:/Script/Engine.StaticMeshActor Name:StaticMeshActor_UAID_74563C249D176A0902_1269139667 Label:Cube13 SpatiallyLoaded:1 Bounds:IsValid=true, Min=(X=-7039.954 Y=4200.693 Z=-428.052), Max=(X=-7014.954 Y=4725.693 Z=671.948) RuntimeGrid:None EditorOnly:0 RuntimeOnly:0 HLODRelevant:1
 |   |   |- Guid:CCFF262C46EEFFDF319E7F9539CE697E BaseClass: NativeClass:/Script/Engine.SkyAtmosphere Name:SkyAtmosphere_0 Label:SkyAtmosphere SpatiallyLoaded:0 Bounds:IsValid=true, Min=(X=0.000 Y=0.000 Z=1020.000), Max=(X=0.000 Y=0.000 Z=1020.000) RuntimeGrid:None EditorOnly:0 RuntimeOnly:0 HLODRelevant:0 FolderPath:Lighting FolderGuid:963EC3EB4002CCE9759E2EBA541A873A
 |   |   |- Guid:D2CCD7DB44B27E7466DF3F88047367D3 BaseClass: NativeClass:/Script/Engine.StaticMeshActor Name:StaticMeshActor_UAID_74563C249D176A0902_1467971673 Label:Cube17 SpatiallyLoaded:1 Bounds:IsValid=true, Min=(X=-8691.762 Y=4505.575 Z=-428.052), Max=(X=-8466.762 Y=4530.575 Z=671.948) RuntimeGrid:None EditorOnly:0 RuntimeOnly:0 HLODRelevant:1
 |   |   |- Guid:E561038D437BABFBA9EC2EA2951F9572 BaseClass: NativeClass:/Script/Engine.PlayerStart Name:PlayerStart_UAID_74563C249D17140902_1369828524 Label:PlayerStart SpatiallyLoaded:0 Bounds:IsValid=true, Min=(X=-6110.689 Y=8477.681 Z=672.173), Max=(X=-6029.188 Y=8559.182 Z=856.173) RuntimeGrid:None EditorOnly:0 RuntimeOnly:0 HLODRelevant:0
 |   |   |- Guid:E92C2F64406413BB76F14093ED38BD60 BaseClass: NativeClass:/Script/Engine.StaticMeshActor Name:StaticMeshActor_UAID_74563C249D176A0902_1309071669 Label:Cube12 SpatiallyLoaded:1 Bounds:IsValid=true, Min=(X=-9165.551 Y=3639.112 Z=-428.052), Max=(X=-8465.551 Y=3664.112 Z=671.948) RuntimeGrid:None EditorOnly:0 RuntimeOnly:0 HLODRelevant:1
 |   |   |- Guid:EA0D121040BF818D8009A480CAA971E2 BaseClass: NativeClass:/Script/Engine.StaticMeshActor Name:StaticMeshActor_UAID_74563C249D17690902_2062411484 Label:Cube6 SpatiallyLoaded:1 Bounds:IsValid=true, Min=(X=-8481.500 Y=4716.962 Z=-428.052), Max=(X=-5256.500 Y=4741.962 Z=671.948) RuntimeGrid:None EditorOnly:0 RuntimeOnly:0 HLODRelevant:1
 |   |   |- Guid:EAFE8EF74EACC89307EEED926B91D3EC BaseClass: NativeClass:/Script/Engine.StaticMeshActor Name:StaticMeshActor_UAID_74563C249D176A0902_1090071663 Label:Cube9 SpatiallyLoaded:1 Bounds:IsValid=true, Min=(X=-5489.863 Y=3376.347 Z=-428.052), Max=(X=-5264.863 Y=3401.347 Z=671.948) RuntimeGrid:None EditorOnly:0 RuntimeOnly:0 HLODRelevant:1
 |   |   |- Guid:EC90590A43C7264C5B2F739B11D90B7C BaseClass: NativeClass:/Script/Engine.StaticMeshActor Name:StaticMeshActor_UAID_74563C249D176A0902_1510773675 Label:Cube19 SpatiallyLoaded:1 Bounds:IsValid=true, Min=(X=-9366.862 Y=5511.575 Z=-428.052), Max=(X=-8466.862 Y=5536.575 Z=671.948) RuntimeGrid:None EditorOnly:0 RuntimeOnly:0 HLODRelevant:1
 |   |   |- Guid:F16DC1784497968101D2DAA0AB19BAB1 BaseClass: NativeClass:/Script/Engine.StaticMeshActor Name:StaticMeshActor_UAID_74563C249D176A0902_1202396665 Label:Cube11 SpatiallyLoaded:1 Bounds:IsValid=true, Min=(X=-8483.835 Y=3376.347 Z=-428.052), Max=(X=-8258.835 Y=3401.347 Z=671.948) RuntimeGrid:None EditorOnly:0 RuntimeOnly:0 HLODRelevant:1
 |   |   |- Guid:F5E3FEB3450C49844FD93DA8E083C8AD BaseClass: NativeClass:/Script/Engine.PostProcessVolume Name:PostProcessVolume_0 Label:PostProcessVolume SpatiallyLoaded:0 Bounds:IsValid=true, Min=(X=0.000 Y=0.000 Z=400.000), Max=(X=200.000 Y=200.000 Z=600.000) RuntimeGrid:None EditorOnly:0 RuntimeOnly:0 HLODRelevant:0 FolderPath:Lighting FolderGuid:963EC3EB4002CCE9759E2EBA541A873A
 |   |   |- Guid:FC6D47BD4530E37588B4159A81E6A289 BaseClass: NativeClass:/Script/Engine.StaticMeshActor Name:StaticMeshActor_UAID_74563C249D176A0902_1324264670 Label:Cube15 SpatiallyLoaded:1 Bounds:IsValid=true, Min=(X=-9994.058 Y=3639.112 Z=-428.052), Max=(X=-9444.058 Y=3664.112 Z=671.948) RuntimeGrid:None EditorOnly:0 RuntimeOnly:0 HLODRelevant:1
 |   |   |- Guid:FE60AE4A4EC7AD8E4FE11E93FA0DEDAD BaseClass:/Game/Task_3/Character/BP_EnemyCharacter.BP_EnemyCharacter_C NativeClass:/Script/Engine.Character Name:BP_EnemyCharacter_C_UAID_74563C249D17300902_1488910447 Label:BP_EnemyCharacter SpatiallyLoaded:1 Bounds:IsValid=true, Min=(X=-8024.110 Y=4133.294 Z=114.462), Max=(X=-7938.683 Y=4208.091 Z=300.877) RuntimeGrid:None EditorOnly:0 RuntimeOnly:0 HLODRelevant:0
 |   |- [+] Clusters:
 |   |   |- [+] [  0]
 |   |   |   |- Guid:6BAF4DDD444C60371492D3919DB42C97 BaseClass: NativeClass:/Script/Engine.WorldDataLayers Name:WorldDataLayers Label:WorldDataLayers SpatiallyLoaded:0 Bounds:IsValid=true, Min=(X=0.000 Y=0.000 Z=0.000), Max=(X=0.000 Y=0.000 Z=0.000) RuntimeGrid:None EditorOnly:0 RuntimeOnly:0 HLODRelevant:0
 |   |   |- [+] [  1]
 |   |   |   |- Guid:F5E3FEB3450C49844FD93DA8E083C8AD BaseClass: NativeClass:/Script/Engine.PostProcessVolume Name:PostProcessVolume_0 Label:PostProcessVolume SpatiallyLoaded:0 Bounds:IsValid=true, Min=(X=0.000 Y=0.000 Z=400.000), Max=(X=200.000 Y=200.000 Z=600.000) RuntimeGrid:None EditorOnly:0 RuntimeOnly:0 HLODRelevant:0 FolderPath:Lighting FolderGuid:963EC3EB4002CCE9759E2EBA541A873A
 |   |   |- [+] [  2]
 |   |   |   |- Guid:3DD9CD6F43A3069DEDBF5AB65D1B4B7E BaseClass: NativeClass:/Script/Engine.StaticMeshActor Name:StaticMeshActor_UAID_74563C249D17690902_2077562485 Label:Cube7 SpatiallyLoaded:1 Bounds:IsValid=true, Min=(X=-8483.470 Y=3384.059 Z=-428.052), Max=(X=-8458.470 Y=4734.059 Z=671.948) RuntimeGrid:None EditorOnly:0 RuntimeOnly:0 HLODRelevant:1
 |   |   |- [+] [  3]
 |   |   |   |- Guid:EA0D121040BF818D8009A480CAA971E2 BaseClass: NativeClass:/Script/Engine.StaticMeshActor Name:StaticMeshActor_UAID_74563C249D17690902_2062411484 Label:Cube6 SpatiallyLoaded:1 Bounds:IsValid=true, Min=(X=-8481.500 Y=4716.962 Z=-428.052), Max=(X=-5256.500 Y=4741.962 Z=671.948) RuntimeGrid:None EditorOnly:0 RuntimeOnly:0 HLODRelevant:1
 |   |   |- [+] [  4]
 |   |   |   |- Guid:5BDC565E497D98A1693BC3A252775EE0 BaseClass: NativeClass:/Script/Engine.Actor Name:Actor_UAID_74563C249D17140902_1264791523 Label:Actor SpatiallyLoaded:1 Bounds:IsValid=true, Min=(X=-1448.142 Y=2707.785 Z=1267.838), Max=(X=-1448.142 Y=2707.785 Z=1267.838) RuntimeGrid:None EditorOnly:0 RuntimeOnly:0 HLODRelevant:0
 |   |   |- [+] [  5]
 |   |   |   |- Guid:4D3BE93F4146AAAC8BBE79999D96D57F BaseClass: NativeClass:/Script/Engine.VolumetricCloud Name:VolumetricCloud_0 Label:VolumetricCloud SpatiallyLoaded:0 Bounds:IsValid=true, Min=(X=0.000 Y=0.000 Z=820.000), Max=(X=0.000 Y=0.000 Z=820.000) RuntimeGrid:None EditorOnly:0 RuntimeOnly:0 HLODRelevant:0 FolderPath:Lighting FolderGuid:963EC3EB4002CCE9759E2EBA541A873A
 |   |   |- [+] [  6]
 |   |   |   |- Guid:98128B8A44AE13387186E0AB590D70E8 BaseClass: NativeClass:/Script/Engine.StaticMeshActor Name:StaticMeshActor_UAID_74563C249D17690902_2028537483 Label:Cube5 SpatiallyLoaded:1 Bounds:IsValid=true, Min=(X=-9994.000 Y=2266.628 Z=-428.052), Max=(X=-3744.000 Y=2291.628 Z=671.948) RuntimeGrid:None EditorOnly:0 RuntimeOnly:0 HLODRelevant:1
 |   |   |- [+] [  7]
 |   |   |   |- Guid:CCFF262C46EEFFDF319E7F9539CE697E BaseClass: NativeClass:/Script/Engine.SkyAtmosphere Name:SkyAtmosphere_0 Label:SkyAtmosphere SpatiallyLoaded:0 Bounds:IsValid=true, Min=(X=0.000 Y=0.000 Z=1020.000), Max=(X=0.000 Y=0.000 Z=1020.000) RuntimeGrid:None EditorOnly:0 RuntimeOnly:0 HLODRelevant:0 FolderPath:Lighting FolderGuid:963EC3EB4002CCE9759E2EBA541A873A
 |   |   |- [+] [  8]
 |   |   |   |- Guid:B785ED2844B84CFB91E7F39FE661CD99 BaseClass: NativeClass:/Script/Engine.DirectionalLight Name:DirectionalLight_0 Label:DirectionalLight SpatiallyLoaded:0 Bounds:IsValid=true, Min=(X=-1048576.000 Y=-1048576.000 Z=-1048576.000), Max=(X=1048576.000 Y=1048576.000 Z=1048576.000) RuntimeGrid:None EditorOnly:0 RuntimeOnly:0 HLODRelevant:0 FolderPath:Lighting FolderGuid:963EC3EB4002CCE9759E2EBA541A873A
 |   |   |- [+] [  9]
 |   |   |   |- Guid:316CF2A6494ACA4C0E4180A87D36AB8F BaseClass: NativeClass:/Script/Engine.ExponentialHeightFog Name:ExponentialHeightFog_0 Label:ExponentialHeightFog SpatiallyLoaded:0 Bounds:IsValid=true, Min=(X=-5600.000 Y=-50.000 Z=-6850.000), Max=(X=-5600.000 Y=-50.000 Z=-6850.000) RuntimeGrid:None EditorOnly:0 RuntimeOnly:0 HLODRelevant:0 FolderPath:Lighting FolderGuid:963EC3EB4002CCE9759E2EBA541A873A
 |   |   |- [+] [ 10]
 |   |   |   |- Guid:3F57AB7C470FAF036C1876999BE3FCB1 BaseClass: NativeClass:/Script/Landscape.Landscape Name:Landscape_UAID_74563C249D17130902_1567125343 Label:Landscape SpatiallyLoaded:0 Bounds:IsValid=true, Min=(X=-25200.000 Y=-25200.000 Z=100.000), Max=(X=-25200.000 Y=-25200.000 Z=100.000) RuntimeGrid:None EditorOnly:0 RuntimeOnly:0 HLODRelevant:0
 |   |   |- [+] [ 11]
 |   |   |   |- Guid:10394EBD486A046449AC28A990D9FB39 BaseClass: NativeClass:/Script/Landscape.LandscapeStreamingProxy Name:LandscapeStreamingProxy_3494C69LWQBGMTYP25W9NPPF6_126_1_2_0 Label:LandscapeStreamingProxy_1_2_0 SpatiallyLoaded:1 Bounds:IsValid=true, Min=(X=-12600.000 Y=0.000 Z=0.000), Max=(X=0.000 Y=12600.000 Z=200.000) RuntimeGrid:None EditorOnly:0 RuntimeOnly:0 HLODRelevant:1
 |   |   |- [+] [ 12]
 |   |   |   |- Guid:2FB58999456391D349DC0F86DAC136ED BaseClass: NativeClass:/Script/Engine.SkyLight Name:SkyLight_1 Label:SkyLight SpatiallyLoaded:0 Bounds:IsValid=true, Min=(X=0.000 Y=0.000 Z=690.000), Max=(X=0.000 Y=0.000 Z=690.000) RuntimeGrid:None EditorOnly:0 RuntimeOnly:0 HLODRelevant:0 FolderPath:Lighting FolderGuid:963EC3EB4002CCE9759E2EBA541A873A
 |   |   |- [+] [ 13]
 |   |   |   |- Guid:FE60AE4A4EC7AD8E4FE11E93FA0DEDAD BaseClass:/Game/Task_3/Character/BP_EnemyCharacter.BP_EnemyCharacter_C NativeClass:/Script/Engine.Character Name:BP_EnemyCharacter_C_UAID_74563C249D17300902_1488910447 Label:BP_EnemyCharacter SpatiallyLoaded:1 Bounds:IsValid=true, Min=(X=-8024.110 Y=4133.294 Z=114.462), Max=(X=-7938.683 Y=4208.091 Z=300.877) RuntimeGrid:None EditorOnly:0 RuntimeOnly:0 HLODRelevant:0
 |   |   |- [+] [ 14]
 |   |   |   |- Guid:AFF849204825AE80A9F6AC85F391E271 BaseClass: NativeClass:/Script/NavigationSystem.RecastNavMesh Name:RecastNavMesh_UAID_74563C249D17300902-Default Label:RecastNavMesh-Default SpatiallyLoaded:0 Bounds:IsValid=true, Min=(X=0.000 Y=0.000 Z=0.000), Max=(X=0.000 Y=0.000 Z=0.000) RuntimeGrid:None EditorOnly:0 RuntimeOnly:0 HLODRelevant:0
 |   |   |- [+] [ 15]
 |   |   |   |- Guid:30DB5C3244933DEF6A6FE2854184E143 BaseClass: NativeClass:/Script/Engine.StaticMeshActor Name:StaticMeshActor_UAID_74563C249D17690902_2013879482 Label:Cube4 SpatiallyLoaded:1 Bounds:IsValid=true, Min=(X=-3769.500 Y=2271.233 Z=-428.052), Max=(X=-3744.500 Y=10721.233 Z=671.948) RuntimeGrid:None EditorOnly:0 RuntimeOnly:0 HLODRelevant:1
 |   |   |- [+] [ 16]
 |   |   |   |- Guid:880223E44E8D62922ACF939E537B3F2F BaseClass: NativeClass:/Script/Engine.StaticMeshActor Name:StaticMeshActor_UAID_74563C249D17690902_1532063480 Label:Cube3 SpatiallyLoaded:1 Bounds:IsValid=true, Min=(X=-9994.000 Y=10696.385 Z=-428.052), Max=(X=-3744.000 Y=10721.385 Z=671.948) RuntimeGrid:None EditorOnly:0 RuntimeOnly:0 HLODRelevant:1
 |   |   |- [+] [ 17]
 |   |   |   |- Guid:2E5EBED94F3A359E7E05AAAB69D02F0E BaseClass: NativeClass:/Script/Engine.StaticMeshActor Name:StaticMeshActor_UAID_74563C249D17690902_1472580479 Label:Cube2 SpatiallyLoaded:1 Bounds:IsValid=true, Min=(X=-9996.712 Y=2271.233 Z=-428.052), Max=(X=-9971.712 Y=10721.233 Z=671.948) RuntimeGrid:None EditorOnly:0 RuntimeOnly:0 HLODRelevant:1
 |   |   |- [+] [ 18]
 |   |   |   |- Guid:E561038D437BABFBA9EC2EA2951F9572 BaseClass: NativeClass:/Script/Engine.PlayerStart Name:PlayerStart_UAID_74563C249D17140902_1369828524 Label:PlayerStart SpatiallyLoaded:0 Bounds:IsValid=true, Min=(X=-6110.689 Y=8477.681 Z=672.173), Max=(X=-6029.188 Y=8559.182 Z=856.173) RuntimeGrid:None EditorOnly:0 RuntimeOnly:0 HLODRelevant:0
 |   |   |- [+] [ 19]
 |   |   |   |- Guid:2593B78142E955B945AA8987FA2408C1 BaseClass: NativeClass:/Script/Engine.StaticMeshActor Name:StaticMeshActor_UAID_74563C249D17690902_2138098486 Label:Cube8 SpatiallyLoaded:1 Bounds:IsValid=true, Min=(X=-5290.466 Y=3384.059 Z=-428.052), Max=(X=-5265.466 Y=4734.059 Z=671.948) RuntimeGrid:None EditorOnly:0 RuntimeOnly:0 HLODRelevant:1
 |   |   |- [+] [ 20]
 |   |   |   |- Guid:EAFE8EF74EACC89307EEED926B91D3EC BaseClass: NativeClass:/Script/Engine.StaticMeshActor Name:StaticMeshActor_UAID_74563C249D176A0902_1090071663 Label:Cube9 SpatiallyLoaded:1 Bounds:IsValid=true, Min=(X=-5489.863 Y=3376.347 Z=-428.052), Max=(X=-5264.863 Y=3401.347 Z=671.948) RuntimeGrid:None EditorOnly:0 RuntimeOnly:0 HLODRelevant:1
 |   |   |- [+] [ 21]
 |   |   |   |- Guid:B01E10044AE7D2960C238D92E435E428 BaseClass: NativeClass:/Script/Engine.StaticMeshActor Name:StaticMeshActor_UAID_74563C249D176A0902_1163913664 Label:Cube10 SpatiallyLoaded:1 Bounds:IsValid=true, Min=(X=-7973.673 Y=3376.347 Z=-428.052), Max=(X=-5748.673 Y=3401.347 Z=671.948) RuntimeGrid:None EditorOnly:0 RuntimeOnly:0 HLODRelevant:1
 |   |   |- [+] [ 22]
 |   |   |   |- Guid:F16DC1784497968101D2DAA0AB19BAB1 BaseClass: NativeClass:/Script/Engine.StaticMeshActor Name:StaticMeshActor_UAID_74563C249D176A0902_1202396665 Label:Cube11 SpatiallyLoaded:1 Bounds:IsValid=true, Min=(X=-8483.835 Y=3376.347 Z=-428.052), Max=(X=-8258.835 Y=3401.347 Z=671.948) RuntimeGrid:None EditorOnly:0 RuntimeOnly:0 HLODRelevant:1
 |   |   |- [+] [ 23]
 |   |   |   |- Guid:CCC3D6E04DD2D3B16C25E3A4E8E0118F BaseClass: NativeClass:/Script/Engine.StaticMeshActor Name:StaticMeshActor_UAID_74563C249D176A0902_1269139667 Label:Cube13 SpatiallyLoaded:1 Bounds:IsValid=true, Min=(X=-7039.954 Y=4200.693 Z=-428.052), Max=(X=-7014.954 Y=4725.693 Z=671.948) RuntimeGrid:None EditorOnly:0 RuntimeOnly:0 HLODRelevant:1
 |   |   |- [+] [ 24]
 |   |   |   |- Guid:8DB9B33C45A080D68650989F3342CE9A BaseClass: NativeClass:/Script/Engine.StaticMeshActor Name:StaticMeshActor_UAID_74563C249D176A0902_1286725668 Label:Cube14 SpatiallyLoaded:1 Bounds:IsValid=true, Min=(X=-7039.954 Y=3385.469 Z=-428.052), Max=(X=-7014.954 Y=3910.469 Z=671.948) RuntimeGrid:None EditorOnly:0 RuntimeOnly:0 HLODRelevant:1
 |   |   |- [+] [ 25]
 |   |   |   |- Guid:E92C2F64406413BB76F14093ED38BD60 BaseClass: NativeClass:/Script/Engine.StaticMeshActor Name:StaticMeshActor_UAID_74563C249D176A0902_1309071669 Label:Cube12 SpatiallyLoaded:1 Bounds:IsValid=true, Min=(X=-9165.551 Y=3639.112 Z=-428.052), Max=(X=-8465.551 Y=3664.112 Z=671.948) RuntimeGrid:None EditorOnly:0 RuntimeOnly:0 HLODRelevant:1
 |   |   |- [+] [ 26]
 |   |   |   |- Guid:FC6D47BD4530E37588B4159A81E6A289 BaseClass: NativeClass:/Script/Engine.StaticMeshActor Name:StaticMeshActor_UAID_74563C249D176A0902_1324264670 Label:Cube15 SpatiallyLoaded:1 Bounds:IsValid=true, Min=(X=-9994.058 Y=3639.112 Z=-428.052), Max=(X=-9444.058 Y=3664.112 Z=671.948) RuntimeGrid:None EditorOnly:0 RuntimeOnly:0 HLODRelevant:1
 |   |   |- [+] [ 27]
 |   |   |   |- Guid:4CE079434961281983B8EF9AEA27B29A BaseClass: NativeClass:/Script/Engine.StaticMeshActor Name:StaticMeshActor_UAID_74563C249D176A0902_1415351671 Label:Cube16 SpatiallyLoaded:1 Bounds:IsValid=true, Min=(X=-9989.289 Y=4505.575 Z=-428.052), Max=(X=-8964.289 Y=4530.575 Z=671.948) RuntimeGrid:None EditorOnly:0 RuntimeOnly:0 HLODRelevant:1
 |   |   |- [+] [ 28]
 |   |   |   |- Guid:7EA791D748C1DBA6C59B6AAC69ABE0F3 BaseClass: NativeClass:/Script/Engine.StaticMeshActor Name:StaticMeshActor_UAID_74563C249D176A0902_1532120676 Label:Cube20 SpatiallyLoaded:1 Bounds:IsValid=true, Min=(X=-9996.267 Y=5511.575 Z=-428.052), Max=(X=-9671.267 Y=5536.575 Z=671.948) RuntimeGrid:None EditorOnly:0 RuntimeOnly:0 HLODRelevant:1
 |   |   |- [+] [ 29]
 |   |   |   |- Guid:D2CCD7DB44B27E7466DF3F88047367D3 BaseClass: NativeClass:/Script/Engine.StaticMeshActor Name:StaticMeshActor_UAID_74563C249D176A0902_1467971673 Label:Cube17 SpatiallyLoaded:1 Bounds:IsValid=true, Min=(X=-8691.762 Y=4505.575 Z=-428.052), Max=(X=-8466.762 Y=4530.575 Z=671.948) RuntimeGrid:None EditorOnly:0 RuntimeOnly:0 HLODRelevant:1
 |   |   |- [+] [ 30]
 |   |   |   |- Guid:3B6C9A5F4BFA098E9AAEC8A979886EA9 BaseClass: NativeClass:/Script/Engine.StaticMeshActor Name:StaticMeshActor_UAID_74563C249D176A0902_1493672674 Label:Cube18 SpatiallyLoaded:1 Bounds:IsValid=true, Min=(X=-8483.470 Y=4728.684 Z=-428.052), Max=(X=-8458.470 Y=6078.684 Z=671.948) RuntimeGrid:None EditorOnly:0 RuntimeOnly:0 HLODRelevant:1
 |   |   |- [+] [ 31]
 |   |   |   |- Guid:EC90590A43C7264C5B2F739B11D90B7C BaseClass: NativeClass:/Script/Engine.StaticMeshActor Name:StaticMeshActor_UAID_74563C249D176A0902_1510773675 Label:Cube19 SpatiallyLoaded:1 Bounds:IsValid=true, Min=(X=-9366.862 Y=5511.575 Z=-428.052), Max=(X=-8466.862 Y=5536.575 Z=671.948) RuntimeGrid:None EditorOnly:0 RuntimeOnly:0 HLODRelevant:1
 |   |   |- [+] [ 32]
 |   |   |   |- Guid:43D3EFEE40873737C17FB48BC55BDE8A BaseClass: NativeClass:/Script/Engine.StaticMeshActor Name:StaticMeshActor_UAID_74563C249D176A0902_1578634677 Label:Cube21 SpatiallyLoaded:1 Bounds:IsValid=true, Min=(X=-9991.862 Y=6483.405 Z=-428.052), Max=(X=-7841.862 Y=6508.405 Z=671.948) RuntimeGrid:None EditorOnly:0 RuntimeOnly:0 HLODRelevant:1
 |   |   |- [+] [ 33]
 |   |   |   |- Guid:B81D790A4268DD92DF0C678236A1D306 BaseClass: NativeClass:/Script/Engine.StaticMeshActor Name:StaticMeshActor_UAID_74563C249D176A0902_1593912678 Label:Cube22 SpatiallyLoaded:1 Bounds:IsValid=true, Min=(X=-7513.908 Y=4724.971 Z=-428.052), Max=(X=-7488.908 Y=6974.971 Z=671.948) RuntimeGrid:None EditorOnly:0 RuntimeOnly:0 HLODRelevant:1
 |   |   |- [+] [ 34]
 |   |   |   |- Guid:2BCA9C9949E4BA37754E8C921A003A84 BaseClass: NativeClass:/Script/Engine.StaticMeshActor Name:StaticMeshActor_UAID_74563C249D176A0902_1617330679 Label:Cube23 SpatiallyLoaded:1 Bounds:IsValid=true, Min=(X=-8560.910 Y=7411.677 Z=-428.052), Max=(X=-6410.910 Y=7436.677 Z=671.948) RuntimeGrid:None EditorOnly:0 RuntimeOnly:0 HLODRelevant:1
 |   |   |- [+] [ 35]
 |   |   |   |- Guid:62C539CB460A8359DEDA11A1193DDD7C BaseClass: NativeClass:/Script/Engine.StaticMeshActor Name:StaticMeshActor_UAID_74563C249D176A0902_1636575680 Label:Cube24 SpatiallyLoaded:1 Bounds:IsValid=true, Min=(X=-9981.672 Y=7411.677 Z=-428.052), Max=(X=-9031.672 Y=7436.677 Z=671.948) RuntimeGrid:None EditorOnly:0 RuntimeOnly:0 HLODRelevant:1
 |   |   |- [+] [ 36]
 |   |   |   |- Guid:1734607548E0E69A2F1D6698267D4132 BaseClass: NativeClass:/Script/Engine.StaticMeshActor Name:StaticMeshActor_UAID_74563C249D176A0902_1683680681 Label:Cube25 SpatiallyLoaded:1 Bounds:IsValid=true, Min=(X=-7512.355 Y=6949.555 Z=-428.052), Max=(X=-5362.355 Y=6974.555 Z=671.948) RuntimeGrid:None EditorOnly:0 RuntimeOnly:0 HLODRelevant:1
 |- ContainerInstances:
 |- [+] MainContainer:
 |   |-        ID: 0x0000000000000000
 |   |-    Bounds: IsValid=false, Min=(X=0.000 Y=0.000 Z=0.000), Max=(X=0.000 Y=0.000 Z=0.000)
 |   |- Transform: 0.000000,0.000000,0.000000|0.000000,0.000000,-0.000000|1.000000,1.000000,1.000000
 |   |- Container: /Game/ThirdPerson/Maps/ThirdPersonMap
----------------------------------------------------------------------------------------------------------------
ThirdPersonMap - Persistent Level
----------------------------------------------------------------------------------------------------------------
Always loaded Actor Count: 44 

----------------------------------------------------------------------------------------------------------------
ThirdPersonMap - Runtime Spatial Hash - Streaming Grid - MainGrid
----------------------------------------------------------------------------------------------------------------
            Origin: X=0.000 Y=0.000 Z=0.000
         Cell Size: 12800
      World Bounds: IsValid=false, Min=(X=0.000 Y=0.000 Z=0.000), Max=(X=0.000 Y=0.000 Z=0.000)
     Loading Range: 25600.00
Block Slow Loading: No
 ClientOnlyVisible: No

[+] Grid Levels: 1
 |- Level  0: Cell Count    0 | Cell Size   12800 | Actor Count    0 (0.0%)

[+] Content of Grid Level 0

